<?xml version="1.0" encoding="UTF-8"?>
<!-- Generated by org.testng.reporters.JUnitReportReporter -->
<testsuite skipped="0" hostname="Lenovo-PC" name="com.framework.Test.LoginPageTest" tests="2" failures="0" timestamp="02 Jun 2018 11:01:33 GMT" time="73.344" errors="0">
  <testcase name="openApplication" time="53.040" classname="com.framework.Test.LoginPageTest"/>
  <testcase name="LoginPageFieldsAvailablityTest" time="20.304" classname="com.framework.Test.LoginPageTest"/>
</testsuite> <!-- com.framework.Test.LoginPageTest -->
