<?xml version="1.0" encoding="UTF-8"?>
<!-- Generated by org.testng.reporters.JUnitReportReporter -->
<testsuite skipped="0" hostname="Lenovo-PC" name="com.framework.commonfunctions.CommonOperations" tests="1" failures="0" timestamp="02 Jun 2018 08:37:13 GMT" time="31.708" errors="0">
  <testcase name="openApplication" time="31.708" classname="com.framework.commonfunctions.CommonOperations"/>
</testsuite> <!-- com.framework.commonfunctions.CommonOperations -->
