<?xml version="1.0" encoding="UTF-8"?>
<!-- Generated by org.testng.reporters.JUnitReportReporter -->
<testsuite skipped="0" hostname="Lenovo-PC" name="com.framework.Test.LoginPageTest" tests="2" failures="0" timestamp="13 Jun 2018 06:34:02 GMT" time="52.398" errors="0">
  <testcase name="LoginTest" time="52.091" classname="com.framework.Test.LoginPageTest"/>
  <testcase name="loginPageValidation" time="0.307" classname="com.framework.Test.LoginPageTest"/>
</testsuite> <!-- com.framework.Test.LoginPageTest -->
